2026-07-11T11:26:22.15962956Z ==> Downloading cache...
2026-07-11T11:26:22.194332384Z ==> Cloning from https://github.com/V-ll/webpro2026
2026-07-11T11:26:27.614097266Z ==> Checking out commit f118b8cc4b49f0cdf174e0b1f2d6fa4567c53b50 in branch main
2026-07-11T11:26:32.356076054Z ==> Downloaded 258MB in 6s. Extraction took 4s.
2026-07-11T11:26:37.288877716Z ==> Requesting Node.js version >=24.0.0
2026-07-11T11:26:37.466339973Z ==> Using Node.js version 26.5.0 via /opt/render/project/src/package.json
2026-07-11T11:26:37.466356273Z ==> Docs on specifying a Node.js version: https://render.com/docs/node-version
2026-07-11T11:26:37.466454226Z ==> Installing Node.js version 26.5.0...
2026-07-11T11:26:38.645680439Z ==> Running build command 'npm install'...
2026-07-11T11:26:40.411789405Z 
2026-07-11T11:26:40.411847636Z > my-app@1.0.0 postinstall
2026-07-11T11:26:40.411855787Z > npm run prisma:generate
2026-07-11T11:26:40.411859736Z 
2026-07-11T11:26:40.537123353Z 
2026-07-11T11:26:40.537141504Z > my-app@1.0.0 prisma:generate
2026-07-11T11:26:40.537145914Z > prisma generate
2026-07-11T11:26:40.537149324Z 
2026-07-11T11:26:41.250965569Z Loaded Prisma config from prisma.config.ts.
2026-07-11T11:26:41.250985189Z 
2026-07-11T11:26:41.353364447Z Prisma schema loaded from prisma/schema.prisma.
2026-07-11T11:26:41.502506309Z 
2026-07-11T11:26:41.50252045Z ✔ Generated Prisma Client (7.8.0) to ./generated/prisma in 81ms
2026-07-11T11:26:41.50252303Z 
2026-07-11T11:26:41.555759068Z 
2026-07-11T11:26:41.555776428Z up to date, audited 187 packages in 3s
2026-07-11T11:26:41.55583328Z 
2026-07-11T11:26:41.555960153Z 37 packages are looking for funding
2026-07-11T11:26:41.556057976Z   run `npm fund` for details
2026-07-11T11:26:41.611069812Z 
2026-07-11T11:26:41.611081582Z 3 moderate severity vulnerabilities
2026-07-11T11:26:41.611084282Z 
2026-07-11T11:26:41.611087372Z To address all issues (including breaking changes), run:
2026-07-11T11:26:41.611090382Z   npm audit fix --force
2026-07-11T11:26:41.611092672Z 
2026-07-11T11:26:41.611095672Z Run `npm audit` for details.
2026-07-11T11:26:43.22519013Z ==> Uploading build...
2026-07-11T11:26:48.599368919Z ==> Uploaded in 3.7s. Compression took 1.7s
2026-07-11T11:26:48.641356037Z ==> Build successful 🎉
2026-07-11T11:26:51.332885207Z ==> Deploying...
2026-07-11T11:26:51.487838561Z ==> Setting WEB_CONCURRENCY=1 by default, based on available CPUs in the instance
2026-07-11T11:27:04.533980415Z ==> Running 'npm run start'
2026-07-11T11:27:06.131503785Z 
2026-07-11T11:27:06.131532536Z > my-app@1.0.0 start
2026-07-11T11:27:06.131537396Z > tsx src/index.ts
2026-07-11T11:27:06.131540377Z 
2026-07-11T11:27:10.931259111Z [2026-07-11T11:27:10.930Z] Initializing database connection...
2026-07-11T11:27:11.433488433Z /opt/render/project/src/node_modules/@prisma/client/src/runtime/utils/validatePrismaClientOptions.ts:250
2026-07-11T11:27:11.433515604Z     throw new PrismaClientConstructorValidationError(
2026-07-11T11:27:11.433518704Z           ^
2026-07-11T11:27:11.433521094Z 
2026-07-11T11:27:11.433523744Z PrismaClientConstructorValidationError: Using engine type "client" requires either "adapter" or "accelerateUrl" to be provided to PrismaClient constructor.
2026-07-11T11:27:11.433536924Z Read more at https://pris.ly/d/client-constructor
2026-07-11T11:27:11.433540335Z     at validateDependentOptions (/opt/render/project/src/node_modules/@prisma/client/src/runtime/utils/validatePrismaClientOptions.ts:250:11)
2026-07-11T11:27:11.433542635Z     at validatePrismaClientOptions (/opt/render/project/src/node_modules/@prisma/client/src/runtime/utils/validatePrismaClientOptions.ts:267:3)
2026-07-11T11:27:11.433545164Z     at new t (/opt/render/project/src/node_modules/@prisma/client/src/runtime/getPrismaClient.ts:358:7)
2026-07-11T11:27:11.433547435Z     at <anonymous> (/opt/render/project/src/src/index.ts:21:16)
2026-07-11T11:27:11.433549985Z     at ModuleJob.run (node:internal/modules/esm/module_job:569:25)
2026-07-11T11:27:11.433552395Z     at async node:internal/modules/esm/loader:650:26
2026-07-11T11:27:11.433556615Z     at async asyncRunEntryPointWithESMLoader (node:internal/modules/run_main:101:5)
2026-07-11T11:27:11.433558965Z 
2026-07-11T11:27:11.433561195Z Node.js v26.5.0
2026-07-11T11:27:14.685730172Z ==> Exited with status 1
2026-07-11T11:27:14.689082134Z ==> Common ways to troubleshoot your deploy: https://render.com/docs/troubleshooting-deploys
2026-07-11T11:27:18.84249532Z ==> Running 'npm run start'
2026-07-11T11:27:19.839545165Z 
2026-07-11T11:27:19.839574075Z > my-app@1.0.0 start
2026-07-11T11:27:19.839578775Z > tsx src/index.ts
2026-07-11T11:27:19.839581825Z 
